<?xml version="1.0" encoding="UTF-8"?>
<testng-results skipped="0" failed="0" ignored="0" total="4" passed="4">
  <reporter-output>
  </reporter-output>
  <suite name="Suite" duration-ms="20318" started-at="2022-04-13T15:26:45 IST" finished-at="2022-04-13T15:27:05 IST">
    <groups>
    </groups>
    <test name="Test" duration-ms="20318" started-at="2022-04-13T15:26:45 IST" finished-at="2022-04-13T15:27:05 IST">
      <class name="com.jbk.DashboardPage">
        <test-method status="PASS" signature="checkmsg01()[pri:0, instance:com.jbk.DashboardPage@33f88ab]" name="checkmsg01" duration-ms="5718" started-at="2022-04-13T15:26:45 IST" finished-at="2022-04-13T15:26:50 IST">
          <reporter-output>
          </reporter-output>
        </test-method> <!-- checkmsg01 -->
        <test-method status="PASS" signature="checkmsg02()[pri:0, instance:com.jbk.DashboardPage@33f88ab]" name="checkmsg02" duration-ms="5170" started-at="2022-04-13T15:26:50 IST" finished-at="2022-04-13T15:26:56 IST">
          <reporter-output>
          </reporter-output>
        </test-method> <!-- checkmsg02 -->
      </class> <!-- com.jbk.DashboardPage -->
      <class name="com.jbk.DemoProjects">
        <test-method status="PASS" signature="Loginpage()[pri:0, instance:com.jbk.DemoProjects@57e1b0c]" name="Loginpage" duration-ms="4173" started-at="2022-04-13T15:26:56 IST" finished-at="2022-04-13T15:27:00 IST">
          <reporter-output>
          </reporter-output>
        </test-method> <!-- Loginpage -->
        <test-method status="PASS" signature="checkmsg()[pri:0, instance:com.jbk.DemoProjects@57e1b0c]" name="checkmsg" duration-ms="5184" started-at="2022-04-13T15:27:00 IST" finished-at="2022-04-13T15:27:05 IST">
          <reporter-output>
          </reporter-output>
        </test-method> <!-- checkmsg -->
      </class> <!-- com.jbk.DemoProjects -->
    </test> <!-- Test -->
  </suite> <!-- Suite -->
</testng-results>
