<?xml version="1.0" encoding="UTF-8"?>
<!-- Generated by org.testng.reporters.JUnitXMLReporter -->
<testsuite hostname="DESKTOP-PL4MI5L" ignored="0" name="Test" tests="4" failures="0" timestamp="2022-04-13T15:27:05 IST" time="20.318" errors="0">
  <testcase name="checkmsg01" time="5.718" classname="com.jbk.DashboardPage"/>
  <testcase name="checkmsg02" time="5.17" classname="com.jbk.DashboardPage"/>
  <testcase name="Loginpage" time="4.173" classname="com.jbk.DemoProjects"/>
  <testcase name="checkmsg" time="5.184" classname="com.jbk.DemoProjects"/>
</testsuite> <!-- Test -->
